Performing C++ SOURCE FILE Test COMPILER_SUPPORT_Wshorten64to32 failed with the following output:
Change Dir: /home/khush/self_driving_car/CarND-Path-Planning-Project/src/Eigen-3.3/build/CMakeFiles/CMakeTmp

Run Build Command:"/usr/local/bin/make" "cmTC_6440d/fast"
/usr/local/bin/make -f CMakeFiles/cmTC_6440d.dir/build.make CMakeFiles/cmTC_6440d.dir/build
make[1]: Entering directory '/home/khush/self_driving_car/CarND-Path-Planning-Project/src/Eigen-3.3/build/CMakeFiles/CMakeTmp'
Building CXX object CMakeFiles/cmTC_6440d.dir/src.cxx.o
/usr/bin/c++    -pedantic -Wall -Wextra -Wundef -Wcast-align -Wchar-subscripts -Wnon-virtual-dtor -Wunused-local-typedefs -Wpointer-arith -Wwrite-strings -Wformat-security -DCOMPILER_SUPPORT_Wshorten64to32 -Werror   -Wshorten-64-to-32 -o CMakeFiles/cmTC_6440d.dir/src.cxx.o -c /home/khush/self_driving_car/CarND-Path-Planning-Project/src/Eigen-3.3/build/CMakeFiles/CMakeTmp/src.cxx
c++: error: unrecognized command line option '-Wshorten-64-to-32'
CMakeFiles/cmTC_6440d.dir/build.make:65: recipe for target 'CMakeFiles/cmTC_6440d.dir/src.cxx.o' failed
make[1]: *** [CMakeFiles/cmTC_6440d.dir/src.cxx.o] Error 1
make[1]: Leaving directory '/home/khush/self_driving_car/CarND-Path-Planning-Project/src/Eigen-3.3/build/CMakeFiles/CMakeTmp'
Makefile:126: recipe for target 'cmTC_6440d/fast' failed
make: *** [cmTC_6440d/fast] Error 2

Source file was:
int main() { return 0; }
Performing C++ SOURCE FILE Test COMPILER_SUPPORT_Wenumconversion failed with the following output:
Change Dir: /home/khush/self_driving_car/CarND-Path-Planning-Project/src/Eigen-3.3/build/CMakeFiles/CMakeTmp

Run Build Command:"/usr/local/bin/make" "cmTC_13b8b/fast"
/usr/local/bin/make -f CMakeFiles/cmTC_13b8b.dir/build.make CMakeFiles/cmTC_13b8b.dir/build
make[1]: Entering directory '/home/khush/self_driving_car/CarND-Path-Planning-Project/src/Eigen-3.3/build/CMakeFiles/CMakeTmp'
Building CXX object CMakeFiles/cmTC_13b8b.dir/src.cxx.o
/usr/bin/c++    -pedantic -Wall -Wextra -Wundef -Wcast-align -Wchar-subscripts -Wnon-virtual-dtor -Wunused-local-typedefs -Wpointer-arith -Wwrite-strings -Wformat-security -Wlogical-op -DCOMPILER_SUPPORT_Wenumconversion -Werror   -Wenum-conversion -o CMakeFiles/cmTC_13b8b.dir/src.cxx.o -c /home/khush/self_driving_car/CarND-Path-Planning-Project/src/Eigen-3.3/build/CMakeFiles/CMakeTmp/src.cxx
c++: error: unrecognized command line option '-Wenum-conversion'
CMakeFiles/cmTC_13b8b.dir/build.make:65: recipe for target 'CMakeFiles/cmTC_13b8b.dir/src.cxx.o' failed
make[1]: *** [CMakeFiles/cmTC_13b8b.dir/src.cxx.o] Error 1
make[1]: Leaving directory '/home/khush/self_driving_car/CarND-Path-Planning-Project/src/Eigen-3.3/build/CMakeFiles/CMakeTmp'
Makefile:126: recipe for target 'cmTC_13b8b/fast' failed
make: *** [cmTC_13b8b/fast] Error 2

Source file was:
int main() { return 0; }
Performing C++ SOURCE FILE Test COMPILER_SUPPORT_Wcpp11extensions failed with the following output:
Change Dir: /home/khush/self_driving_car/CarND-Path-Planning-Project/src/Eigen-3.3/build/CMakeFiles/CMakeTmp

Run Build Command:"/usr/local/bin/make" "cmTC_2908e/fast"
/usr/local/bin/make -f CMakeFiles/cmTC_2908e.dir/build.make CMakeFiles/cmTC_2908e.dir/build
make[1]: Entering directory '/home/khush/self_driving_car/CarND-Path-Planning-Project/src/Eigen-3.3/build/CMakeFiles/CMakeTmp'
Building CXX object CMakeFiles/cmTC_2908e.dir/src.cxx.o
/usr/bin/c++    -pedantic -Wall -Wextra -Wundef -Wcast-align -Wchar-subscripts -Wnon-virtual-dtor -Wunused-local-typedefs -Wpointer-arith -Wwrite-strings -Wformat-security -Wlogical-op -DCOMPILER_SUPPORT_Wcpp11extensions -Werror   -Wc++11-extensions -o CMakeFiles/cmTC_2908e.dir/src.cxx.o -c /home/khush/self_driving_car/CarND-Path-Planning-Project/src/Eigen-3.3/build/CMakeFiles/CMakeTmp/src.cxx
c++: error: unrecognized command line option '-Wc++11-extensions'
CMakeFiles/cmTC_2908e.dir/build.make:65: recipe for target 'CMakeFiles/cmTC_2908e.dir/src.cxx.o' failed
make[1]: *** [CMakeFiles/cmTC_2908e.dir/src.cxx.o] Error 1
make[1]: Leaving directory '/home/khush/self_driving_car/CarND-Path-Planning-Project/src/Eigen-3.3/build/CMakeFiles/CMakeTmp'
Makefile:126: recipe for target 'cmTC_2908e/fast' failed
make: *** [cmTC_2908e/fast] Error 2

Source file was:
int main() { return 0; }
Performing C++ SOURCE FILE Test COMPILER_SUPPORT_wd981 failed with the following output:
Change Dir: /home/khush/self_driving_car/CarND-Path-Planning-Project/src/Eigen-3.3/build/CMakeFiles/CMakeTmp

Run Build Command:"/usr/local/bin/make" "cmTC_7ccd3/fast"
/usr/local/bin/make -f CMakeFiles/cmTC_7ccd3.dir/build.make CMakeFiles/cmTC_7ccd3.dir/build
make[1]: Entering directory '/home/khush/self_driving_car/CarND-Path-Planning-Project/src/Eigen-3.3/build/CMakeFiles/CMakeTmp'
Building CXX object CMakeFiles/cmTC_7ccd3.dir/src.cxx.o
/usr/bin/c++    -pedantic -Wall -Wextra -Wundef -Wcast-align -Wchar-subscripts -Wnon-virtual-dtor -Wunused-local-typedefs -Wpointer-arith -Wwrite-strings -Wformat-security -Wlogical-op -Wdouble-promotion -Wno-psabi -Wno-variadic-macros -Wno-long-long -fno-check-new -fno-common -fstrict-aliasing -DCOMPILER_SUPPORT_wd981 -Werror   -wd981 -o CMakeFiles/cmTC_7ccd3.dir/src.cxx.o -c /home/khush/self_driving_car/CarND-Path-Planning-Project/src/Eigen-3.3/build/CMakeFiles/CMakeTmp/src.cxx
c++: error: unrecognized command line option '-wd981'
CMakeFiles/cmTC_7ccd3.dir/build.make:65: recipe for target 'CMakeFiles/cmTC_7ccd3.dir/src.cxx.o' failed
make[1]: *** [CMakeFiles/cmTC_7ccd3.dir/src.cxx.o] Error 1
make[1]: Leaving directory '/home/khush/self_driving_car/CarND-Path-Planning-Project/src/Eigen-3.3/build/CMakeFiles/CMakeTmp'
Makefile:126: recipe for target 'cmTC_7ccd3/fast' failed
make: *** [cmTC_7ccd3/fast] Error 2

Source file was:
int main() { return 0; }
Performing C++ SOURCE FILE Test COMPILER_SUPPORT_wd2304 failed with the following output:
Change Dir: /home/khush/self_driving_car/CarND-Path-Planning-Project/src/Eigen-3.3/build/CMakeFiles/CMakeTmp

Run Build Command:"/usr/local/bin/make" "cmTC_aab9e/fast"
/usr/local/bin/make -f CMakeFiles/cmTC_aab9e.dir/build.make CMakeFiles/cmTC_aab9e.dir/build
make[1]: Entering directory '/home/khush/self_driving_car/CarND-Path-Planning-Project/src/Eigen-3.3/build/CMakeFiles/CMakeTmp'
Building CXX object CMakeFiles/cmTC_aab9e.dir/src.cxx.o
/usr/bin/c++    -pedantic -Wall -Wextra -Wundef -Wcast-align -Wchar-subscripts -Wnon-virtual-dtor -Wunused-local-typedefs -Wpointer-arith -Wwrite-strings -Wformat-security -Wlogical-op -Wdouble-promotion -Wno-psabi -Wno-variadic-macros -Wno-long-long -fno-check-new -fno-common -fstrict-aliasing -DCOMPILER_SUPPORT_wd2304 -Werror   -wd2304 -o CMakeFiles/cmTC_aab9e.dir/src.cxx.o -c /home/khush/self_driving_car/CarND-Path-Planning-Project/src/Eigen-3.3/build/CMakeFiles/CMakeTmp/src.cxx
c++: error: unrecognized command line option '-wd2304'
CMakeFiles/cmTC_aab9e.dir/build.make:65: recipe for target 'CMakeFiles/cmTC_aab9e.dir/src.cxx.o' failed
make[1]: *** [CMakeFiles/cmTC_aab9e.dir/src.cxx.o] Error 1
make[1]: Leaving directory '/home/khush/self_driving_car/CarND-Path-Planning-Project/src/Eigen-3.3/build/CMakeFiles/CMakeTmp'
Makefile:126: recipe for target 'cmTC_aab9e/fast' failed
make: *** [cmTC_aab9e/fast] Error 2

Source file was:
int main() { return 0; }
Performing C++ SOURCE FILE Test COMPILER_SUPPORT_STRICTANSI failed with the following output:
Change Dir: /home/khush/self_driving_car/CarND-Path-Planning-Project/src/Eigen-3.3/build/CMakeFiles/CMakeTmp

Run Build Command:"/usr/local/bin/make" "cmTC_512eb/fast"
/usr/local/bin/make -f CMakeFiles/cmTC_512eb.dir/build.make CMakeFiles/cmTC_512eb.dir/build
make[1]: Entering directory '/home/khush/self_driving_car/CarND-Path-Planning-Project/src/Eigen-3.3/build/CMakeFiles/CMakeTmp'
Building CXX object CMakeFiles/cmTC_512eb.dir/src.cxx.o
/usr/bin/c++    -pedantic -Wall -Wextra -Wundef -Wcast-align -Wchar-subscripts -Wnon-virtual-dtor -Wunused-local-typedefs -Wpointer-arith -Wwrite-strings -Wformat-security -Wlogical-op -Wdouble-promotion -Wno-psabi -Wno-variadic-macros -Wno-long-long -fno-check-new -fno-common -fstrict-aliasing -DCOMPILER_SUPPORT_STRICTANSI -Werror   -strict-ansi -o CMakeFiles/cmTC_512eb.dir/src.cxx.o -c /home/khush/self_driving_car/CarND-Path-Planning-Project/src/Eigen-3.3/build/CMakeFiles/CMakeTmp/src.cxx
c++: error: unrecognized command line option '-strict-ansi'
CMakeFiles/cmTC_512eb.dir/build.make:65: recipe for target 'CMakeFiles/cmTC_512eb.dir/src.cxx.o' failed
make[1]: *** [CMakeFiles/cmTC_512eb.dir/src.cxx.o] Error 1
make[1]: Leaving directory '/home/khush/self_driving_car/CarND-Path-Planning-Project/src/Eigen-3.3/build/CMakeFiles/CMakeTmp'
Makefile:126: recipe for target 'cmTC_512eb/fast' failed
make: *** [cmTC_512eb/fast] Error 2

Source file was:
int main() { return 0; }
Performing C++ SOURCE FILE Test COMPILER_SUPPORT_Qunusedarguments failed with the following output:
Change Dir: /home/khush/self_driving_car/CarND-Path-Planning-Project/src/Eigen-3.3/build/CMakeFiles/CMakeTmp

Run Build Command:"/usr/local/bin/make" "cmTC_7658f/fast"
/usr/local/bin/make -f CMakeFiles/cmTC_7658f.dir/build.make CMakeFiles/cmTC_7658f.dir/build
make[1]: Entering directory '/home/khush/self_driving_car/CarND-Path-Planning-Project/src/Eigen-3.3/build/CMakeFiles/CMakeTmp'
Building CXX object CMakeFiles/cmTC_7658f.dir/src.cxx.o
/usr/bin/c++    -pedantic -Wall -Wextra -Wundef -Wcast-align -Wchar-subscripts -Wnon-virtual-dtor -Wunused-local-typedefs -Wpointer-arith -Wwrite-strings -Wformat-security -Wlogical-op -Wdouble-promotion -Wno-psabi -Wno-variadic-macros -Wno-long-long -fno-check-new -fno-common -fstrict-aliasing -DCOMPILER_SUPPORT_Qunusedarguments -Werror   -Qunused-arguments -o CMakeFiles/cmTC_7658f.dir/src.cxx.o -c /home/khush/self_driving_car/CarND-Path-Planning-Project/src/Eigen-3.3/build/CMakeFiles/CMakeTmp/src.cxx
c++: error: unrecognized command line option '-Qunused-arguments'
CMakeFiles/cmTC_7658f.dir/build.make:65: recipe for target 'CMakeFiles/cmTC_7658f.dir/src.cxx.o' failed
make[1]: *** [CMakeFiles/cmTC_7658f.dir/src.cxx.o] Error 1
make[1]: Leaving directory '/home/khush/self_driving_car/CarND-Path-Planning-Project/src/Eigen-3.3/build/CMakeFiles/CMakeTmp'
Makefile:126: recipe for target 'cmTC_7658f/fast' failed
make: *** [cmTC_7658f/fast] Error 2

Source file was:
int main() { return 0; }
Determining if the pthread_create exist failed with the following output:
Change Dir: /home/khush/self_driving_car/CarND-Path-Planning-Project/src/Eigen-3.3/build/CMakeFiles/CMakeTmp

Run Build Command:"/usr/local/bin/make" "cmTC_a223a/fast"
/usr/local/bin/make -f CMakeFiles/cmTC_a223a.dir/build.make CMakeFiles/cmTC_a223a.dir/build
make[1]: Entering directory '/home/khush/self_driving_car/CarND-Path-Planning-Project/src/Eigen-3.3/build/CMakeFiles/CMakeTmp'
Building C object CMakeFiles/cmTC_a223a.dir/CheckSymbolExists.c.o
/usr/bin/cc    -o CMakeFiles/cmTC_a223a.dir/CheckSymbolExists.c.o   -c /home/khush/self_driving_car/CarND-Path-Planning-Project/src/Eigen-3.3/build/CMakeFiles/CMakeTmp/CheckSymbolExists.c
Linking C executable cmTC_a223a
/usr/local/bin/cmake -E cmake_link_script CMakeFiles/cmTC_a223a.dir/link.txt --verbose=1
/usr/bin/cc      -rdynamic CMakeFiles/cmTC_a223a.dir/CheckSymbolExists.c.o  -o cmTC_a223a 
CMakeFiles/cmTC_a223a.dir/CheckSymbolExists.c.o: In function `main':
CheckSymbolExists.c:(.text+0x16): undefined reference to `pthread_create'
collect2: error: ld returned 1 exit status
CMakeFiles/cmTC_a223a.dir/build.make:97: recipe for target 'cmTC_a223a' failed
make[1]: *** [cmTC_a223a] Error 1
make[1]: Leaving directory '/home/khush/self_driving_car/CarND-Path-Planning-Project/src/Eigen-3.3/build/CMakeFiles/CMakeTmp'
Makefile:126: recipe for target 'cmTC_a223a/fast' failed
make: *** [cmTC_a223a/fast] Error 2

File /home/khush/self_driving_car/CarND-Path-Planning-Project/src/Eigen-3.3/build/CMakeFiles/CMakeTmp/CheckSymbolExists.c:
/* */
#include <pthread.h>

int main(int argc, char** argv)
{
  (void)argv;
#ifndef pthread_create
  return ((int*)(&pthread_create))[argc];
#else
  (void)argc;
  return 0;
#endif
}

Determining if the function pthread_create exists in the pthreads failed with the following output:
Change Dir: /home/khush/self_driving_car/CarND-Path-Planning-Project/src/Eigen-3.3/build/CMakeFiles/CMakeTmp

Run Build Command:"/usr/local/bin/make" "cmTC_9aae1/fast"
/usr/local/bin/make -f CMakeFiles/cmTC_9aae1.dir/build.make CMakeFiles/cmTC_9aae1.dir/build
make[1]: Entering directory '/home/khush/self_driving_car/CarND-Path-Planning-Project/src/Eigen-3.3/build/CMakeFiles/CMakeTmp'
Building C object CMakeFiles/cmTC_9aae1.dir/CheckFunctionExists.c.o
/usr/bin/cc   -DCHECK_FUNCTION_EXISTS=pthread_create   -o CMakeFiles/cmTC_9aae1.dir/CheckFunctionExists.c.o   -c /usr/local/share/cmake-3.8/Modules/CheckFunctionExists.c
Linking C executable cmTC_9aae1
/usr/local/bin/cmake -E cmake_link_script CMakeFiles/cmTC_9aae1.dir/link.txt --verbose=1
/usr/bin/cc  -DCHECK_FUNCTION_EXISTS=pthread_create    -rdynamic CMakeFiles/cmTC_9aae1.dir/CheckFunctionExists.c.o  -o cmTC_9aae1 -lpthreads 
/usr/bin/ld: cannot find -lpthreads
collect2: error: ld returned 1 exit status
CMakeFiles/cmTC_9aae1.dir/build.make:97: recipe for target 'cmTC_9aae1' failed
make[1]: *** [cmTC_9aae1] Error 1
make[1]: Leaving directory '/home/khush/self_driving_car/CarND-Path-Planning-Project/src/Eigen-3.3/build/CMakeFiles/CMakeTmp'
Makefile:126: recipe for target 'cmTC_9aae1/fast' failed
make: *** [cmTC_9aae1/fast] Error 2


